This file contains any messages produced by compilers while
running configure, to aid debugging if configure makes a mistake.

It was created by sqroot_n configure 1.0.0, which was
generated by GNU Autoconf 2.69.  Invocation command line was

  $ ./configure 

## --------- ##
## Platform. ##
## --------- ##

hostname = archie
uname -m = x86_64
uname -r = 4.11.5-1-ARCH
uname -s = Linux
uname -v = #1 SMP PREEMPT Wed Jun 14 16:19:27 CEST 2017

/usr/bin/uname -p = unknown
/bin/uname -X     = unknown

/bin/arch              = unknown
/usr/bin/arch -k       = unknown
/usr/convex/getsysinfo = unknown
/usr/bin/hostinfo      = unknown
/bin/machine           = unknown
/usr/bin/oslevel       = unknown
/bin/universe          = unknown

PATH: /usr/local/sbin
PATH: /usr/local/bin
PATH: /usr/bin
PATH: /usr/lib/jvm/default/bin
PATH: /usr/bin/site_perl
PATH: /usr/bin/vendor_perl
PATH: /usr/bin/core_perl


## ----------- ##
## Core tests. ##
## ----------- ##

configure:1836: checking for a BSD-compatible install
configure:1904: result: /usr/bin/install -c
configure:1915: checking whether build environment is sane
configure:1970: result: yes
configure:2121: checking for a thread-safe mkdir -p
configure:2160: result: /usr/bin/mkdir -p
configure:2167: checking for gawk
configure:2183: found /usr/bin/gawk
configure:2194: result: gawk
configure:2205: checking whether make sets $(MAKE)
configure:2227: result: yes
configure:2256: checking whether make supports nested variables
configure:2273: result: yes
configure:2459: checking for g++
configure:2475: found /usr/bin/g++
configure:2486: result: g++
configure:2513: checking for C++ compiler version
configure:2522: g++ --version >&5
g++ (GCC) 7.1.1 20170516
Copyright (C) 2017 Free Software Foundation, Inc.
This is free software; see the source for copying conditions.  There is NO
warranty; not even for MERCHANTABILITY or FITNESS FOR A PARTICULAR PURPOSE.

configure:2533: $? = 0
configure:2522: g++ -v >&5
Using built-in specs.
COLLECT_GCC=g++
COLLECT_LTO_WRAPPER=/usr/lib/gcc/x86_64-pc-linux-gnu/7.1.1/lto-wrapper
Target: x86_64-pc-linux-gnu
Configured with: /build/gcc/src/gcc/configure --prefix=/usr --libdir=/usr/lib --libexecdir=/usr/lib --mandir=/usr/share/man --infodir=/usr/share/info --with-bugurl=https://bugs.archlinux.org/ --enable-languages=c,c++,ada,fortran,go,lto,objc,obj-c++ --enable-shared --enable-threads=posix --enable-libmpx --with-system-zlib --with-isl --enable-__cxa_atexit --disable-libunwind-exceptions --enable-clocale=gnu --disable-libstdcxx-pch --disable-libssp --enable-gnu-unique-object --enable-linker-build-id --enable-lto --enable-plugin --enable-install-libiberty --with-linker-hash-style=gnu --enable-gnu-indirect-function --disable-multilib --disable-werror --enable-checking=release
Thread model: posix
gcc version 7.1.1 20170516 (GCC) 
configure:2533: $? = 0
configure:2522: g++ -V >&5
g++: error: unrecognized command line option '-V'
g++: fatal error: no input files
compilation terminated.
configure:2533: $? = 1
configure:2522: g++ -qversion >&5
g++: error: unrecognized command line option '-qversion'; did you mean '--version'?
g++: fatal error: no input files
compilation terminated.
configure:2533: $? = 1
configure:2553: checking whether the C++ compiler works
configure:2575: g++    conftest.cpp  >&5
configure:2579: $? = 0
configure:2627: result: yes
configure:2630: checking for C++ compiler default output file name
configure:2632: result: a.out
configure:2638: checking for suffix of executables
configure:2645: g++ -o conftest    conftest.cpp  >&5
configure:2649: $? = 0
configure:2671: result: 
configure:2693: checking whether we are cross compiling
configure:2701: g++ -o conftest    conftest.cpp  >&5
configure:2705: $? = 0
configure:2712: ./conftest
configure:2716: $? = 0
configure:2731: result: no
configure:2736: checking for suffix of object files
configure:2758: g++ -c   conftest.cpp >&5
configure:2762: $? = 0
configure:2783: result: o
configure:2787: checking whether we are using the GNU C++ compiler
configure:2806: g++ -c   conftest.cpp >&5
configure:2806: $? = 0
configure:2815: result: yes
configure:2824: checking whether g++ accepts -g
configure:2844: g++ -c -g  conftest.cpp >&5
configure:2844: $? = 0
configure:2885: result: yes
configure:2919: checking for style of include used by make
configure:2947: result: GNU
configure:2973: checking dependency style of g++
configure:3084: result: gcc3
configure:3222: checking that generated files are newer than configure
configure:3228: result: done
configure:3251: creating ./config.status

## ---------------------- ##
## Running config.status. ##
## ---------------------- ##

This file was extended by sqroot_n config.status 1.0.0, which was
generated by GNU Autoconf 2.69.  Invocation command line was

  CONFIG_FILES    = 
  CONFIG_HEADERS  = 
  CONFIG_LINKS    = 
  CONFIG_COMMANDS = 
  $ ./config.status 

on archie

config.status:839: creating Makefile
config.status:839: creating config.h
config.status:1068: executing depfiles commands

## ---------------- ##
## Cache variables. ##
## ---------------- ##

ac_cv_cxx_compiler_gnu=yes
ac_cv_env_CCC_set=
ac_cv_env_CCC_value=
ac_cv_env_CPPFLAGS_set=
ac_cv_env_CPPFLAGS_value=
ac_cv_env_CXXFLAGS_set=
ac_cv_env_CXXFLAGS_value=
ac_cv_env_CXX_set=
ac_cv_env_CXX_value=
ac_cv_env_LDFLAGS_set=
ac_cv_env_LDFLAGS_value=
ac_cv_env_LIBS_set=
ac_cv_env_LIBS_value=
ac_cv_env_build_alias_set=
ac_cv_env_build_alias_value=
ac_cv_env_host_alias_set=
ac_cv_env_host_alias_value=
ac_cv_env_target_alias_set=
ac_cv_env_target_alias_value=
ac_cv_objext=o
ac_cv_path_install='/usr/bin/install -c'
ac_cv_path_mkdir=/usr/bin/mkdir
ac_cv_prog_AWK=gawk
ac_cv_prog_ac_ct_CXX=g++
ac_cv_prog_cxx_g=yes
ac_cv_prog_make_make_set=yes
am_cv_CXX_dependencies_compiler_type=gcc3
am_cv_make_support_nested_variables=yes

## ----------------- ##
## Output variables. ##
## ----------------- ##

ACLOCAL='${SHELL} /home/fawix/workspace/c_build_learn/2_autotools01/missing aclocal-1.15'
AMDEPBACKSLASH='\'
AMDEP_FALSE='#'
AMDEP_TRUE=''
AMTAR='$${TAR-tar}'
AM_BACKSLASH='\'
AM_DEFAULT_V='$(AM_DEFAULT_VERBOSITY)'
AM_DEFAULT_VERBOSITY='1'
AM_V='$(V)'
AUTOCONF='${SHELL} /home/fawix/workspace/c_build_learn/2_autotools01/missing autoconf'
AUTOHEADER='${SHELL} /home/fawix/workspace/c_build_learn/2_autotools01/missing autoheader'
AUTOMAKE='${SHELL} /home/fawix/workspace/c_build_learn/2_autotools01/missing automake-1.15'
AWK='gawk'
CPPFLAGS=''
CXX='g++'
CXXDEPMODE='depmode=gcc3'
CXXFLAGS='-g -O2 -Werror -Wall'
CYGPATH_W='echo'
DEFS='-DHAVE_CONFIG_H'
DEPDIR='.deps'
ECHO_C=''
ECHO_N='-n'
ECHO_T=''
EXEEXT=''
INSTALL_DATA='${INSTALL} -m 644'
INSTALL_PROGRAM='${INSTALL}'
INSTALL_SCRIPT='${INSTALL}'
INSTALL_STRIP_PROGRAM='$(install_sh) -c -s'
LDFLAGS=''
LIBOBJS=''
LIBS=''
LTLIBOBJS=''
MAKEINFO='${SHELL} /home/fawix/workspace/c_build_learn/2_autotools01/missing makeinfo'
MKDIR_P='/usr/bin/mkdir -p'
OBJEXT='o'
PACKAGE='sqroot_n'
PACKAGE_BUGREPORT='bug-report@domain.com'
PACKAGE_NAME='sqroot_n'
PACKAGE_STRING='sqroot_n 1.0.0'
PACKAGE_TARNAME='sqroot_n'
PACKAGE_URL=''
PACKAGE_VERSION='1.0.0'
PATH_SEPARATOR=':'
SET_MAKE=''
SHELL='/bin/sh'
STRIP=''
VERSION='1.0.0'
ac_ct_CXX='g++'
am__EXEEXT_FALSE=''
am__EXEEXT_TRUE='#'
am__fastdepCXX_FALSE='#'
am__fastdepCXX_TRUE=''
am__include='include'
am__isrc=''
am__leading_dot='.'
am__nodep='_no'
am__quote=''
am__tar='$${TAR-tar} chof - "$$tardir"'
am__untar='$${TAR-tar} xf -'
bindir='${exec_prefix}/bin'
build_alias=''
datadir='${datarootdir}'
datarootdir='${prefix}/share'
docdir='${datarootdir}/doc/${PACKAGE_TARNAME}'
dvidir='${docdir}'
exec_prefix='${prefix}'
host_alias=''
htmldir='${docdir}'
includedir='${prefix}/include'
infodir='${datarootdir}/info'
install_sh='${SHELL} /home/fawix/workspace/c_build_learn/2_autotools01/install-sh'
libdir='${exec_prefix}/lib'
libexecdir='${exec_prefix}/libexec'
localedir='${datarootdir}/locale'
localstatedir='${prefix}/var'
mandir='${datarootdir}/man'
mkdir_p='$(MKDIR_P)'
oldincludedir='/usr/include'
pdfdir='${docdir}'
prefix='/usr/local'
program_transform_name='s,x,x,'
psdir='${docdir}'
sbindir='${exec_prefix}/sbin'
sharedstatedir='${prefix}/com'
sysconfdir='${prefix}/etc'
target_alias=''

## ----------- ##
## confdefs.h. ##
## ----------- ##

/* confdefs.h */
#define PACKAGE_NAME "sqroot_n"
#define PACKAGE_TARNAME "sqroot_n"
#define PACKAGE_VERSION "1.0.0"
#define PACKAGE_STRING "sqroot_n 1.0.0"
#define PACKAGE_BUGREPORT "bug-report@domain.com"
#define PACKAGE_URL ""
#define PACKAGE "sqroot_n"
#define VERSION "1.0.0"

configure: exit 0

## ---------------------- ##
## Running config.status. ##
## ---------------------- ##

This file was extended by sqroot_n config.status 1.0.0, which was
generated by GNU Autoconf 2.69.  Invocation command line was

  CONFIG_FILES    = 
  CONFIG_HEADERS  = 
  CONFIG_LINKS    = 
  CONFIG_COMMANDS = 
  $ ./config.status config.h

on archie

config.status:839: creating config.h
config.status:1020: config.h is unchanged
